<?xml version="1.0" encoding="UTF-8"?>
<testng-results ignored="0" total="2" passed="2" failed="0" skipped="0">
  <reporter-output>
    <line>
      <![CDATA[Moved to Accounts and List...]]>
    </line>
    <line>
      <![CDATA[Clicked on Sign In button...]]>
    </line>
    <line>
      <![CDATA[Mobile number entered...]]>
    </line>
    <line>
      <![CDATA[Clicked on Continue button...]]>
    </line>
    <line>
      <![CDATA[Password entered...]]>
    </line>
    <line>
      <![CDATA[Clicked on Sign In button...]]>
    </line>
    <line>
      <![CDATA[Moved to Accounts and List...]]>
    </line>
    <line>
      <![CDATA[Clicked on Sign Out button...]]>
    </line>
    <line>
      <![CDATA[Moved to Accounts and List...]]>
    </line>
    <line>
      <![CDATA[Clicked on Sign In button...]]>
    </line>
    <line>
      <![CDATA[Mobile number entered...]]>
    </line>
    <line>
      <![CDATA[Clicked on Continue button...]]>
    </line>
    <line>
      <![CDATA[Password entered...]]>
    </line>
    <line>
      <![CDATA[Clicked on Sign In button...]]>
    </line>
    <line>
      <![CDATA[Searched for product iPhone...]]>
    </line>
    <line>
      <![CDATA[Clicked on 1st product from search result...]]>
    </line>
    <line>
      <![CDATA[Clicked on Add To Wish List button...]]>
    </line>
    <line>
      <![CDATA[Pop-up closed...]]>
    </line>
    <line>
      <![CDATA[Moved to Accounts and List...]]>
    </line>
    <line>
      <![CDATA[Clicked on Your Wish List button...]]>
    </line>
    <line>
      <![CDATA[Clicked on Add To Cart button...]]>
    </line>
  </reporter-output>
  <suite started-at="2025-09-13T20:31:49 IST" name="Amazon Suite" finished-at="2025-09-13T20:34:10 IST" duration-ms="140562">
    <groups>
    </groups>
    <test started-at="2025-09-13T20:31:49 IST" name="Amazon Login-Logout" finished-at="2025-09-13T20:32:39 IST" duration-ms="50252">
      <class name="com.demo.amazon.ProjectAmazon.AmzLoginAndLogout">
        <test-method is-config="true" signature="launchBrowser()[pri:0, instance:com.demo.amazon.ProjectAmazon.AmzLoginAndLogout@402bba4f]" started-at="2025-09-13T20:31:49 IST" name="launchBrowser" finished-at="2025-09-13T20:32:05 IST" duration-ms="16206" status="PASS">
          <reporter-output>
          </reporter-output>
        </test-method> <!-- launchBrowser -->
        <test-method signature="performLoginAndLogout()[pri:0, instance:com.demo.amazon.ProjectAmazon.AmzLoginAndLogout@402bba4f]" started-at="2025-09-13T20:32:05 IST" name="performLoginAndLogout" finished-at="2025-09-13T20:32:34 IST" duration-ms="28375" status="PASS">
          <reporter-output>
            <line>
              <![CDATA[Moved to Accounts and List...]]>
            </line>
            <line>
              <![CDATA[Clicked on Sign In button...]]>
            </line>
            <line>
              <![CDATA[Mobile number entered...]]>
            </line>
            <line>
              <![CDATA[Clicked on Continue button...]]>
            </line>
            <line>
              <![CDATA[Password entered...]]>
            </line>
            <line>
              <![CDATA[Clicked on Sign In button...]]>
            </line>
            <line>
              <![CDATA[Moved to Accounts and List...]]>
            </line>
            <line>
              <![CDATA[Clicked on Sign Out button...]]>
            </line>
          </reporter-output>
        </test-method> <!-- performLoginAndLogout -->
        <test-method is-config="true" signature="tearDown()[pri:0, instance:com.demo.amazon.ProjectAmazon.AmzLoginAndLogout@402bba4f]" started-at="2025-09-13T20:32:34 IST" name="tearDown" finished-at="2025-09-13T20:32:39 IST" duration-ms="5497" status="PASS">
          <reporter-output>
          </reporter-output>
        </test-method> <!-- tearDown -->
      </class> <!-- com.demo.amazon.ProjectAmazon.AmzLoginAndLogout -->
    </test> <!-- Amazon Login-Logout -->
    <test started-at="2025-09-13T20:32:39 IST" name="Amazon AddToWishList-AddToCart" finished-at="2025-09-13T20:34:10 IST" duration-ms="90251">
      <class name="com.demo.amazon.ProjectAmazon.AmzWishListToAddToCart">
        <test-method is-config="true" signature="launchBrowser()[pri:0, instance:com.demo.amazon.ProjectAmazon.AmzWishListToAddToCart@52bf72b5]" started-at="2025-09-13T20:32:39 IST" name="launchBrowser" finished-at="2025-09-13T20:32:51 IST" duration-ms="11961" status="PASS">
          <reporter-output>
          </reporter-output>
        </test-method> <!-- launchBrowser -->
        <test-method signature="fromAddToWishListToAddToCart()[pri:0, instance:com.demo.amazon.ProjectAmazon.AmzWishListToAddToCart@52bf72b5]" started-at="2025-09-13T20:32:51 IST" name="fromAddToWishListToAddToCart" finished-at="2025-09-13T20:34:04 IST" duration-ms="72761" status="PASS">
          <reporter-output>
            <line>
              <![CDATA[Moved to Accounts and List...]]>
            </line>
            <line>
              <![CDATA[Clicked on Sign In button...]]>
            </line>
            <line>
              <![CDATA[Mobile number entered...]]>
            </line>
            <line>
              <![CDATA[Clicked on Continue button...]]>
            </line>
            <line>
              <![CDATA[Password entered...]]>
            </line>
            <line>
              <![CDATA[Clicked on Sign In button...]]>
            </line>
            <line>
              <![CDATA[Searched for product iPhone...]]>
            </line>
            <line>
              <![CDATA[Clicked on 1st product from search result...]]>
            </line>
            <line>
              <![CDATA[Clicked on Add To Wish List button...]]>
            </line>
            <line>
              <![CDATA[Pop-up closed...]]>
            </line>
            <line>
              <![CDATA[Moved to Accounts and List...]]>
            </line>
            <line>
              <![CDATA[Clicked on Your Wish List button...]]>
            </line>
            <line>
              <![CDATA[Clicked on Add To Cart button...]]>
            </line>
          </reporter-output>
        </test-method> <!-- fromAddToWishListToAddToCart -->
        <test-method is-config="true" signature="tearDown()[pri:0, instance:com.demo.amazon.ProjectAmazon.AmzWishListToAddToCart@52bf72b5]" started-at="2025-09-13T20:34:04 IST" name="tearDown" finished-at="2025-09-13T20:34:10 IST" duration-ms="5520" status="PASS">
          <reporter-output>
          </reporter-output>
        </test-method> <!-- tearDown -->
      </class> <!-- com.demo.amazon.ProjectAmazon.AmzWishListToAddToCart -->
    </test> <!-- Amazon AddToWishList-AddToCart -->
  </suite> <!-- Amazon Suite -->
</testng-results>
