<?xml version="1.0" encoding="UTF-8"?>
<testng-results ignored="0" total="1" passed="1" failed="0" skipped="0">
  <reporter-output>
    <line>
      <![CDATA[Moved to Accounts and List...]]>
    </line>
    <line>
      <![CDATA[Clicked on Sign In button...]]>
    </line>
    <line>
      <![CDATA[Mobile number entered...]]>
    </line>
    <line>
      <![CDATA[Clicked on Continue button...]]>
    </line>
    <line>
      <![CDATA[Password entered...]]>
    </line>
    <line>
      <![CDATA[Clicked on Sign In button...]]>
    </line>
    <line>
      <![CDATA[Moved to Accounts and List...]]>
    </line>
    <line>
      <![CDATA[Moved to Accounts and List...]]>
    </line>
    <line>
      <![CDATA[Clicked on Sign Out button...]]>
    </line>
  </reporter-output>
  <suite started-at="2025-09-20T16:42:39 IST" name="Default suite" finished-at="2025-09-20T16:44:11 IST" duration-ms="92023">
    <groups>
    </groups>
    <test started-at="2025-09-20T16:42:39 IST" name="Default test" finished-at="2025-09-20T16:44:11 IST" duration-ms="92023">
      <class name="com.demo.amazon.ProjectAmazon.AmzLoginAndLogout">
        <test-method is-config="true" signature="launchBrowser()[pri:0, instance:com.demo.amazon.ProjectAmazon.AmzLoginAndLogout@198b6731]" started-at="2025-09-20T16:42:39 IST" name="launchBrowser" finished-at="2025-09-20T16:43:46 IST" duration-ms="67175" status="PASS">
          <reporter-output>
          </reporter-output>
        </test-method> <!-- launchBrowser -->
        <test-method signature="performLoginAndLogout()[pri:0, instance:com.demo.amazon.ProjectAmazon.AmzLoginAndLogout@198b6731]" started-at="2025-09-20T16:43:46 IST" name="performLoginAndLogout" finished-at="2025-09-20T16:44:10 IST" duration-ms="24195" status="PASS">
          <reporter-output>
            <line>
              <![CDATA[Moved to Accounts and List...]]>
            </line>
            <line>
              <![CDATA[Clicked on Sign In button...]]>
            </line>
            <line>
              <![CDATA[Mobile number entered...]]>
            </line>
            <line>
              <![CDATA[Clicked on Continue button...]]>
            </line>
            <line>
              <![CDATA[Password entered...]]>
            </line>
            <line>
              <![CDATA[Clicked on Sign In button...]]>
            </line>
            <line>
              <![CDATA[Moved to Accounts and List...]]>
            </line>
            <line>
              <![CDATA[Moved to Accounts and List...]]>
            </line>
            <line>
              <![CDATA[Clicked on Sign Out button...]]>
            </line>
          </reporter-output>
        </test-method> <!-- performLoginAndLogout -->
        <test-method is-config="true" signature="tearDown()[pri:0, instance:com.demo.amazon.ProjectAmazon.AmzLoginAndLogout@198b6731]" started-at="2025-09-20T16:44:10 IST" name="tearDown" finished-at="2025-09-20T16:44:11 IST" duration-ms="514" status="PASS">
          <reporter-output>
          </reporter-output>
        </test-method> <!-- tearDown -->
      </class> <!-- com.demo.amazon.ProjectAmazon.AmzLoginAndLogout -->
    </test> <!-- Default test -->
  </suite> <!-- Default suite -->
</testng-results>
